<?xml version="1.0" encoding="UTF-8"?>
<!-- Generated by org.testng.reporters.JUnitReportReporter -->
<testsuite hostname="lin83003142" failures="0" tests="1" name="com.AsianPaints.AsianTestNG" time="12.207" errors="0" timestamp="2023-03-03T17:37:10 IST" skipped="0">
  <testcase classname="com.AsianPaints.AsianTestNG" name="f" time="12.207"/>
  <system-out/>
</testsuite> <!-- com.AsianPaints.AsianTestNG -->
